<?xml version="1.0" ?>
<!DOCTYPE coverage SYSTEM "http://cobertura.sourceforge.net/xml/coverage-04.dtd">
<coverage lines-valid="154"  lines-covered="126"  line-rate="0.8181999999999999"  branches-valid="10"  branches-covered="9"  branch-rate="0.9"  timestamp="1416125418261" complexity="0" version="0.1">
<sources>
	<source>C:\Users\i070386\WebstormProjects\indexedDBWrapper</source>
</sources>
<packages>
	<package name="tests"  line-rate="0.8181999999999999"  branch-rate="0.9" >
	<classes>
		<class name="testingStorageUtil.js"  filename="tests\testingStorageUtil.js"  line-rate="0.8181999999999999"  branch-rate="0.9" >
		<methods>
			<method name="(anonymous_1)"  hits="1"  signature="()V" >
				<lines><line number="18"  hits="1" /></lines>
			</method>
			<method name="(anonymous_2)"  hits="1"  signature="()V" >
				<lines><line number="22"  hits="1" /></lines>
			</method>
			<method name="(anonymous_3)"  hits="1"  signature="()V" >
				<lines><line number="27"  hits="1" /></lines>
			</method>
			<method name="(anonymous_4)"  hits="1"  signature="()V" >
				<lines><line number="28"  hits="1" /></lines>
			</method>
			<method name="(anonymous_5)"  hits="1"  signature="()V" >
				<lines><line number="30"  hits="1" /></lines>
			</method>
			<method name="(anonymous_6)"  hits="0"  signature="()V" >
				<lines><line number="34"  hits="0" /></lines>
			</method>
			<method name="(anonymous_7)"  hits="0"  signature="()V" >
				<lines><line number="35"  hits="0" /></lines>
			</method>
			<method name="(anonymous_8)"  hits="0"  signature="()V" >
				<lines><line number="36"  hits="0" /></lines>
			</method>
			<method name="(anonymous_9)"  hits="15"  signature="()V" >
				<lines><line number="40"  hits="15" /></lines>
			</method>
			<method name="(anonymous_10)"  hits="14"  signature="()V" >
				<lines><line number="44"  hits="14" /></lines>
			</method>
			<method name="(anonymous_11)"  hits="0"  signature="()V" >
				<lines><line number="44"  hits="0" /></lines>
			</method>
			<method name="(anonymous_12)"  hits="1"  signature="()V" >
				<lines><line number="48"  hits="1" /></lines>
			</method>
			<method name="(anonymous_13)"  hits="1"  signature="()V" >
				<lines><line number="50"  hits="1" /></lines>
			</method>
			<method name="(anonymous_14)"  hits="0"  signature="()V" >
				<lines><line number="53"  hits="0" /></lines>
			</method>
			<method name="(anonymous_15)"  hits="1"  signature="()V" >
				<lines><line number="57"  hits="1" /></lines>
			</method>
			<method name="(anonymous_16)"  hits="1"  signature="()V" >
				<lines><line number="59"  hits="1" /></lines>
			</method>
			<method name="(anonymous_17)"  hits="0"  signature="()V" >
				<lines><line number="62"  hits="0" /></lines>
			</method>
			<method name="(anonymous_18)"  hits="1"  signature="()V" >
				<lines><line number="66"  hits="1" /></lines>
			</method>
			<method name="(anonymous_19)"  hits="1"  signature="()V" >
				<lines><line number="68"  hits="1" /></lines>
			</method>
			<method name="(anonymous_20)"  hits="0"  signature="()V" >
				<lines><line number="71"  hits="0" /></lines>
			</method>
			<method name="(anonymous_21)"  hits="1"  signature="()V" >
				<lines><line number="75"  hits="1" /></lines>
			</method>
			<method name="(anonymous_22)"  hits="1"  signature="()V" >
				<lines><line number="77"  hits="1" /></lines>
			</method>
			<method name="(anonymous_23)"  hits="0"  signature="()V" >
				<lines><line number="80"  hits="0" /></lines>
			</method>
			<method name="(anonymous_24)"  hits="1"  signature="()V" >
				<lines><line number="84"  hits="1" /></lines>
			</method>
			<method name="(anonymous_25)"  hits="1"  signature="()V" >
				<lines><line number="86"  hits="1" /></lines>
			</method>
			<method name="(anonymous_26)"  hits="0"  signature="()V" >
				<lines><line number="89"  hits="0" /></lines>
			</method>
			<method name="(anonymous_27)"  hits="1"  signature="()V" >
				<lines><line number="92"  hits="1" /></lines>
			</method>
			<method name="(anonymous_28)"  hits="1"  signature="()V" >
				<lines><line number="94"  hits="1" /></lines>
			</method>
			<method name="(anonymous_29)"  hits="1"  signature="()V" >
				<lines><line number="95"  hits="1" /></lines>
			</method>
			<method name="(anonymous_30)"  hits="0"  signature="()V" >
				<lines><line number="106"  hits="0" /></lines>
			</method>
			<method name="(anonymous_31)"  hits="1"  signature="()V" >
				<lines><line number="109"  hits="1" /></lines>
			</method>
			<method name="(anonymous_32)"  hits="1"  signature="()V" >
				<lines><line number="111"  hits="1" /></lines>
			</method>
			<method name="(anonymous_33)"  hits="1"  signature="()V" >
				<lines><line number="112"  hits="1" /></lines>
			</method>
			<method name="(anonymous_34)"  hits="0"  signature="()V" >
				<lines><line number="123"  hits="0" /></lines>
			</method>
			<method name="(anonymous_35)"  hits="1"  signature="()V" >
				<lines><line number="126"  hits="1" /></lines>
			</method>
			<method name="(anonymous_36)"  hits="1"  signature="()V" >
				<lines><line number="128"  hits="1" /></lines>
			</method>
			<method name="(anonymous_37)"  hits="1"  signature="()V" >
				<lines><line number="129"  hits="1" /></lines>
			</method>
			<method name="(anonymous_38)"  hits="0"  signature="()V" >
				<lines><line number="132"  hits="0" /></lines>
			</method>
			<method name="(anonymous_39)"  hits="0"  signature="()V" >
				<lines><line number="133"  hits="0" /></lines>
			</method>
			<method name="(anonymous_40)"  hits="1"  signature="()V" >
				<lines><line number="137"  hits="1" /></lines>
			</method>
			<method name="(anonymous_41)"  hits="1"  signature="()V" >
				<lines><line number="139"  hits="1" /></lines>
			</method>
			<method name="(anonymous_42)"  hits="1"  signature="()V" >
				<lines><line number="140"  hits="1" /></lines>
			</method>
			<method name="(anonymous_43)"  hits="1"  signature="()V" >
				<lines><line number="141"  hits="1" /></lines>
			</method>
			<method name="(anonymous_44)"  hits="0"  signature="()V" >
				<lines><line number="157"  hits="0" /></lines>
			</method>
			<method name="(anonymous_45)"  hits="0"  signature="()V" >
				<lines><line number="158"  hits="0" /></lines>
			</method>
			<method name="(anonymous_46)"  hits="1"  signature="()V" >
				<lines><line number="161"  hits="1" /></lines>
			</method>
			<method name="(anonymous_47)"  hits="1"  signature="()V" >
				<lines><line number="163"  hits="1" /></lines>
			</method>
			<method name="(anonymous_48)"  hits="1"  signature="()V" >
				<lines><line number="164"  hits="1" /></lines>
			</method>
			<method name="(anonymous_49)"  hits="0"  signature="()V" >
				<lines><line number="168"  hits="0" /></lines>
			</method>
			<method name="(anonymous_50)"  hits="0"  signature="()V" >
				<lines><line number="170"  hits="0" /></lines>
			</method>
			<method name="(anonymous_51)"  hits="0"  signature="()V" >
				<lines><line number="171"  hits="0" /></lines>
			</method>
			<method name="(anonymous_52)"  hits="1"  signature="()V" >
				<lines><line number="174"  hits="1" /></lines>
			</method>
			<method name="(anonymous_53)"  hits="1"  signature="()V" >
				<lines><line number="176"  hits="1" /></lines>
			</method>
			<method name="(anonymous_54)"  hits="1"  signature="()V" >
				<lines><line number="177"  hits="1" /></lines>
			</method>
			<method name="(anonymous_55)"  hits="1"  signature="()V" >
				<lines><line number="179"  hits="1" /></lines>
			</method>
			<method name="(anonymous_56)"  hits="0"  signature="()V" >
				<lines><line number="188"  hits="0" /></lines>
			</method>
			<method name="(anonymous_57)"  hits="0"  signature="()V" >
				<lines><line number="189"  hits="0" /></lines>
			</method>
			<method name="(anonymous_58)"  hits="0"  signature="()V" >
				<lines><line number="190"  hits="0" /></lines>
			</method>
			<method name="(anonymous_59)"  hits="1"  signature="()V" >
				<lines><line number="193"  hits="1" /></lines>
			</method>
			<method name="(anonymous_60)"  hits="1"  signature="()V" >
				<lines><line number="195"  hits="1" /></lines>
			</method>
			<method name="(anonymous_61)"  hits="0"  signature="()V" >
				<lines><line number="198"  hits="0" /></lines>
			</method>
			<method name="(anonymous_62)"  hits="1"  signature="()V" >
				<lines><line number="201"  hits="1" /></lines>
			</method>
			<method name="(anonymous_63)"  hits="1"  signature="()V" >
				<lines><line number="203"  hits="1" /></lines>
			</method>
			<method name="(anonymous_64)"  hits="0"  signature="()V" >
				<lines><line number="206"  hits="0" /></lines>
			</method>
			<method name="(anonymous_65)"  hits="1"  signature="()V" >
				<lines><line number="209"  hits="1" /></lines>
			</method>
			<method name="(anonymous_66)"  hits="1"  signature="()V" >
				<lines><line number="211"  hits="1" /></lines>
			</method>
			<method name="(anonymous_67)"  hits="1"  signature="()V" >
				<lines><line number="212"  hits="1" /></lines>
			</method>
			<method name="(anonymous_68)"  hits="0"  signature="()V" >
				<lines><line number="216"  hits="0" /></lines>
			</method>
			<method name="(anonymous_69)"  hits="1"  signature="()V" >
				<lines><line number="219"  hits="1" /></lines>
			</method>
			<method name="(anonymous_70)"  hits="1"  signature="()V" >
				<lines><line number="221"  hits="1" /></lines>
			</method>
			<method name="(anonymous_71)"  hits="0"  signature="()V" >
				<lines><line number="224"  hits="0" /></lines>
			</method>
		</methods>
		<lines>
			<line number="2"  hits="1"  branch="false" />
			<line number="4"  hits="1"  branch="false" />
			<line number="5"  hits="1"  branch="false" />
			<line number="6"  hits="1"  branch="false" />
			<line number="7"  hits="1"  branch="false" />
			<line number="8"  hits="1"  branch="false" />
			<line number="9"  hits="1"  branch="false" />
			<line number="10"  hits="1"  branch="false" />
			<line number="11"  hits="1"  branch="false" />
			<line number="12"  hits="1"  branch="false" />
			<line number="13"  hits="1"  branch="false" />
			<line number="14"  hits="1"  branch="false" />
			<line number="15"  hits="1"  branch="false" />
			<line number="16"  hits="1"  branch="false" />
			<line number="18"  hits="1"  branch="false" />
			<line number="19"  hits="1"  branch="false" />
			<line number="22"  hits="1"  branch="false" />
			<line number="23"  hits="1"  branch="true"  condition-coverage="50% (1/2)" />
			<line number="25"  hits="1"  branch="false" />
			<line number="26"  hits="1"  branch="false" />
			<line number="27"  hits="1"  branch="false" />
			<line number="28"  hits="1"  branch="false" />
			<line number="29"  hits="1"  branch="false" />
			<line number="30"  hits="1"  branch="false" />
			<line number="31"  hits="1"  branch="false" />
			<line number="32"  hits="1"  branch="false" />
			<line number="33"  hits="1"  branch="false" />
			<line number="34"  hits="0"  branch="false" />
			<line number="35"  hits="0"  branch="false" />
			<line number="36"  hits="0"  branch="false" />
			<line number="40"  hits="1"  branch="false" />
			<line number="41"  hits="15"  branch="true"  condition-coverage="100% (4/4)" />
			<line number="43"  hits="14"  branch="false" />
			<line number="44"  hits="14"  branch="false" />
			<line number="48"  hits="1"  branch="false" />
			<line number="49"  hits="1"  branch="false" />
			<line number="50"  hits="1"  branch="false" />
			<line number="51"  hits="1"  branch="false" />
			<line number="52"  hits="1"  branch="false" />
			<line number="53"  hits="0"  branch="false" />
			<line number="57"  hits="1"  branch="false" />
			<line number="58"  hits="1"  branch="false" />
			<line number="59"  hits="1"  branch="false" />
			<line number="60"  hits="1"  branch="false" />
			<line number="61"  hits="1"  branch="false" />
			<line number="62"  hits="0"  branch="false" />
			<line number="66"  hits="1"  branch="false" />
			<line number="67"  hits="1"  branch="false" />
			<line number="68"  hits="1"  branch="false" />
			<line number="69"  hits="1"  branch="false" />
			<line number="70"  hits="1"  branch="false" />
			<line number="71"  hits="0"  branch="false" />
			<line number="75"  hits="1"  branch="false" />
			<line number="76"  hits="1"  branch="false" />
			<line number="77"  hits="1"  branch="false" />
			<line number="78"  hits="1"  branch="false" />
			<line number="79"  hits="1"  branch="false" />
			<line number="80"  hits="0"  branch="false" />
			<line number="84"  hits="1"  branch="false" />
			<line number="85"  hits="1"  branch="false" />
			<line number="86"  hits="1"  branch="false" />
			<line number="87"  hits="1"  branch="false" />
			<line number="88"  hits="1"  branch="false" />
			<line number="89"  hits="0"  branch="false" />
			<line number="92"  hits="1"  branch="false" />
			<line number="94"  hits="1"  branch="false" />
			<line number="95"  hits="1"  branch="false" />
			<line number="96"  hits="1"  branch="false" />
			<line number="97"  hits="1"  branch="false" />
			<line number="98"  hits="1"  branch="false" />
			<line number="100"  hits="2"  branch="false" />
			<line number="101"  hits="2"  branch="false" />
			<line number="103"  hits="1"  branch="false" />
			<line number="104"  hits="1"  branch="false" />
			<line number="106"  hits="0"  branch="false" />
			<line number="109"  hits="1"  branch="false" />
			<line number="111"  hits="1"  branch="false" />
			<line number="112"  hits="1"  branch="false" />
			<line number="113"  hits="1"  branch="false" />
			<line number="114"  hits="1"  branch="false" />
			<line number="115"  hits="1"  branch="false" />
			<line number="117"  hits="0"  branch="false" />
			<line number="118"  hits="0"  branch="false" />
			<line number="120"  hits="1"  branch="false" />
			<line number="121"  hits="1"  branch="false" />
			<line number="123"  hits="0"  branch="false" />
			<line number="126"  hits="1"  branch="false" />
			<line number="127"  hits="1"  branch="false" />
			<line number="128"  hits="1"  branch="false" />
			<line number="129"  hits="1"  branch="false" />
			<line number="130"  hits="1"  branch="false" />
			<line number="131"  hits="1"  branch="false" />
			<line number="132"  hits="0"  branch="false" />
			<line number="133"  hits="0"  branch="false" />
			<line number="137"  hits="1"  branch="false" />
			<line number="139"  hits="1"  branch="false" />
			<line number="140"  hits="1"  branch="false" />
			<line number="141"  hits="1"  branch="false" />
			<line number="142"  hits="1"  branch="false" />
			<line number="144"  hits="2"  branch="true"  condition-coverage="100% (2/2)" />
			<line number="146"  hits="1"  branch="false" />
			<line number="149"  hits="2"  branch="true"  condition-coverage="100% (2/2)" />
			<line number="151"  hits="1"  branch="false" />
			<line number="155"  hits="1"  branch="false" />
			<line number="157"  hits="0"  branch="false" />
			<line number="158"  hits="0"  branch="false" />
			<line number="161"  hits="1"  branch="false" />
			<line number="163"  hits="1"  branch="false" />
			<line number="164"  hits="1"  branch="false" />
			<line number="165"  hits="1"  branch="false" />
			<line number="166"  hits="1"  branch="false" />
			<line number="167"  hits="1"  branch="false" />
			<line number="169"  hits="0"  branch="false" />
			<line number="170"  hits="0"  branch="false" />
			<line number="171"  hits="0"  branch="false" />
			<line number="174"  hits="1"  branch="false" />
			<line number="176"  hits="1"  branch="false" />
			<line number="177"  hits="1"  branch="false" />
			<line number="178"  hits="1"  branch="false" />
			<line number="179"  hits="1"  branch="false" />
			<line number="180"  hits="1"  branch="false" />
			<line number="181"  hits="1"  branch="false" />
			<line number="183"  hits="0"  branch="false" />
			<line number="184"  hits="0"  branch="false" />
			<line number="186"  hits="1"  branch="false" />
			<line number="187"  hits="1"  branch="false" />
			<line number="188"  hits="0"  branch="false" />
			<line number="189"  hits="0"  branch="false" />
			<line number="190"  hits="0"  branch="false" />
			<line number="193"  hits="1"  branch="false" />
			<line number="194"  hits="1"  branch="false" />
			<line number="195"  hits="1"  branch="false" />
			<line number="196"  hits="1"  branch="false" />
			<line number="197"  hits="1"  branch="false" />
			<line number="198"  hits="0"  branch="false" />
			<line number="201"  hits="1"  branch="false" />
			<line number="202"  hits="1"  branch="false" />
			<line number="203"  hits="1"  branch="false" />
			<line number="204"  hits="1"  branch="false" />
			<line number="205"  hits="1"  branch="false" />
			<line number="206"  hits="0"  branch="false" />
			<line number="209"  hits="1"  branch="false" />
			<line number="210"  hits="1"  branch="false" />
			<line number="211"  hits="1"  branch="false" />
			<line number="212"  hits="1"  branch="false" />
			<line number="213"  hits="1"  branch="false" />
			<line number="214"  hits="1"  branch="false" />
			<line number="216"  hits="0"  branch="false" />
			<line number="219"  hits="1"  branch="false" />
			<line number="220"  hits="1"  branch="false" />
			<line number="221"  hits="1"  branch="false" />
			<line number="222"  hits="1"  branch="false" />
			<line number="223"  hits="1"  branch="false" />
			<line number="224"  hits="0"  branch="false" />
		</lines>
		</class>
	</classes>
	</package>
</packages>
</coverage>
